[2024-05-19 22:13:04,138][pytorch_lightning.utilities.migration.utils][INFO] - Lightning automatically upgraded your loaded checkpoint from v1.8.1 to v2.2.4. To apply the upgrade to your files permanently, run `python -m pytorch_lightning.utilities.upgrade_checkpoint ../.cache/4DHumans/logs/train/multiruns/hmr2/0/checkpoints/epoch=35-step=1000000.ckpt`
[2024-05-19 22:13:04,144][torch.distributed.nn.jit.instantiator][INFO] - Created a temporary directory at /tmp/tmplxto5t07
[2024-05-19 22:13:04,144][torch.distributed.nn.jit.instantiator][INFO] - Writing /tmp/tmplxto5t07/_remote_module_non_scriptable.py
[2024-05-19 22:13:07,896][phalp.trackers.PHALP][INFO] - Loading Predictor model...
[2024-05-19 22:13:08,116][phalp.trackers.PHALP][INFO] - Loading Detection model...
[2024-05-19 22:13:15,421][detectron2.checkpoint.detection_checkpoint][INFO] - [DetectionCheckpointer] Loading from https://dl.fbaipublicfiles.com/detectron2/ViTDet/COCO/cascade_mask_rcnn_vitdet_h/f328730692/model_final_f05665.pkl ...
[2024-05-19 22:13:18,277][detectron2.checkpoint.detection_checkpoint][INFO] - [DetectionCheckpointer] Loading from https://dl.fbaipublicfiles.com/detectron2/COCO-InstanceSegmentation/mask_rcnn_X_101_32x8d_FPN_3x/139653917/model_final_2d9806.pkl ...
[2024-05-19 22:13:18,438][phalp.trackers.PHALP][INFO] - Setting up Visualizer...
[2024-05-19 22:13:19,120][phalp.utils.io][INFO] - Number of frames: 183
[2024-05-19 22:13:19,794][phalp.trackers.PHALP][INFO] - Setting up DeepSort...
[2024-05-19 22:13:19,794][phalp.trackers.PHALP][INFO] - Saving tracks at : outputs//results/clip
[2024-05-19 22:17:51,693][pytorch_lightning.utilities.migration.utils][INFO] - Lightning automatically upgraded your loaded checkpoint from v1.8.1 to v2.2.4. To apply the upgrade to your files permanently, run `python -m pytorch_lightning.utilities.upgrade_checkpoint ../.cache/4DHumans/logs/train/multiruns/hmr2/0/checkpoints/epoch=35-step=1000000.ckpt`
[2024-05-19 22:17:51,698][torch.distributed.nn.jit.instantiator][INFO] - Created a temporary directory at /tmp/tmpwmdb9a7t
[2024-05-19 22:17:51,698][torch.distributed.nn.jit.instantiator][INFO] - Writing /tmp/tmpwmdb9a7t/_remote_module_non_scriptable.py
[2024-05-19 22:17:55,470][phalp.trackers.PHALP][INFO] - Loading Predictor model...
[2024-05-19 22:17:55,691][phalp.trackers.PHALP][INFO] - Loading Detection model...
[2024-05-19 22:18:02,857][detectron2.checkpoint.detection_checkpoint][INFO] - [DetectionCheckpointer] Loading from https://dl.fbaipublicfiles.com/detectron2/ViTDet/COCO/cascade_mask_rcnn_vitdet_h/f328730692/model_final_f05665.pkl ...
[2024-05-19 22:18:05,750][detectron2.checkpoint.detection_checkpoint][INFO] - [DetectionCheckpointer] Loading from https://dl.fbaipublicfiles.com/detectron2/COCO-InstanceSegmentation/mask_rcnn_X_101_32x8d_FPN_3x/139653917/model_final_2d9806.pkl ...
[2024-05-19 22:18:05,911][phalp.trackers.PHALP][INFO] - Setting up Visualizer...
[2024-05-19 22:18:06,593][phalp.utils.io][INFO] - Number of frames: 183
[2024-05-19 22:18:07,273][phalp.trackers.PHALP][INFO] - Setting up DeepSort...
[2024-05-19 22:18:07,274][phalp.trackers.PHALP][INFO] - Saving tracks at : outputs//results/clip
